
5월 15, 2023 12:37:10.127 NEW SESSION
5월 15, 2023 12:37:10.128 [42040:41884:0515/123710.117:ERROR:device_event_log_impl.cc(222)] [12:37:10.116] USB: usb_service_win.cc:415 Could not read device interface GUIDs: 지정된 파일을 찾을 수 없습니다. (0x2)
5월 15, 2023 14:15:05.676 [40320:27000:0515/141505.676:ERROR:device_event_log_impl.cc(222)] [14:15:05.675] USB: usb_service_win.cc:415 Could not read device interface GUIDs: 지정된 파일을 찾을 수 없습니다. (0x2)
5월 15, 2023 14:25:10.28 [libprotobuf ERROR ..\..\third_party\protobuf\src\google\protobuf\message_lite.cc:133] Can't parse message of type "safe_browsing.ClientDownloadRequest" because it is missing required fields: (cannot determine missing fields for lite message)
5월 15, 2023 14:25:25.328 [libprotobuf ERROR ..\..\third_party\protobuf\src\google\protobuf\message_lite.cc:133] Can't parse message of type "safe_browsing.ClientDownloadRequest" because it is missing required fields: (cannot determine missing fields for lite message)
5월 15, 2023 14:36:07.224 [40320:27000:0515/143607.223:ERROR:page_load_metrics_update_dispatcher.cc(178)] Invalid first_paint (unset) for first_image_paint 1.161 s
5월 15, 2023 14:36:07.324 [40320:27000:0515/143607.324:ERROR:page_load_metrics_update_dispatcher.cc(178)] Invalid first_paint 1.185 s for first_image_paint 1.161 s
5월 15, 2023 14:36:07.441 [40320:27000:0515/143607.439:ERROR:page_load_metrics_update_dispatcher.cc(178)] Invalid first_paint 1.185 s for first_image_paint 1.161 s
5월 15, 2023 14:36:11.821 [40320:27000:0515/143611.820:ERROR:page_load_metrics_update_dispatcher.cc(178)] Invalid first_paint 1.185 s for first_image_paint 1.161 s
5월 15, 2023 15:19:46.268 [40320:27000:0515/151946.267:ERROR:interface_endpoint_client.cc(696)] Message 1 rejected by interface blink.mojom.WidgetHost
5월 15, 2023 15:19:46.272 [40320:27000:0515/151946.267:ERROR:interface_endpoint_client.cc(696)] Message 1 rejected by interface blink.mojom.WidgetHost
5월 15, 2023 16:50:20.826 [40320:35564:0515/165020.825:ERROR:connection_factory_impl.cc(471)] ConnectionHandler failed with net error: -2
5월 15, 2023 17:43:29.58 [40320:35564:0515/174329.058:ERROR:connection_factory_impl.cc(471)] ConnectionHandler failed with net error: -2
5월 15, 2023 20:43:33.788 [40320:35564:0515/204333.787:ERROR:connection_factory_impl.cc(471)] ConnectionHandler failed with net error: -2
5월 15, 2023 20:43:33.797 [40320:35564:0515/204333.797:ERROR:connection_factory_impl.cc(428)] Failed to connect to MCS endpoint with error -105
5월 16, 2023 09:14:37.150 [40320:27000:0516/091437.150:ERROR:page_load_metrics_update_dispatcher.cc(178)] Invalid first_paint 0.184 s for first_image_paint 0.148 s
5월 16, 2023 09:14:37.266 [40320:27000:0516/091437.257:ERROR:page_load_metrics_update_dispatcher.cc(178)] Invalid first_paint 0.184 s for first_image_paint 0.148 s
5월 16, 2023 09:14:38.41 [40320:27000:0516/091438.041:ERROR:page_load_metrics_update_dispatcher.cc(178)] Invalid first_paint 0.184 s for first_image_paint 0.148 s
5월 16, 2023 09:14:39.382 [40320:27000:0516/091439.382:ERROR:page_load_metrics_update_dispatcher.cc(178)] Invalid first_paint 0.184 s for first_image_paint 0.148 s
5월 16, 2023 09:14:39.493 [40320:27000:0516/091439.484:ERROR:page_load_metrics_update_dispatcher.cc(178)] Invalid first_paint 0.184 s for first_image_paint 0.148 s
5월 16, 2023 09:14:41.213 [40320:27000:0516/091441.200:ERROR:page_load_metrics_update_dispatcher.cc(178)] Invalid first_paint 0.184 s for first_image_paint 0.148 s
5월 16, 2023 12:21:52.615 [40320:35564:0516/122152.611:ERROR:connection_factory_impl.cc(471)] ConnectionHandler failed with net error: -2
5월 16, 2023 14:11:35.789 [40320:35564:0516/141135.789:ERROR:connection_factory_impl.cc(471)] ConnectionHandler failed with net error: -2
5월 16, 2023 14:11:36.413 [40320:35564:0516/141135.811:ERROR:connection_factory_impl.cc(428)] Failed to connect to MCS endpoint with error -105
5월 16, 2023 14:11:40.281 [40320:35564:0516/141140.281:ERROR:connection_factory_impl.cc(428)] Failed to connect to MCS endpoint with error -105
5월 16, 2023 14:11:40.284 [40320:2224:0516/141140.283:ERROR:get_updates_processor.cc(264)] PostClientToServerMessage() failed during GetUpdates with error 2
5월 16, 2023 14:11:40.291 [40320:2224:0516/141140.291:ERROR:get_updates_processor.cc(264)] PostClientToServerMessage() failed during GetUpdates with error 2
5월 16, 2023 14:42:35.314 [40320:27000:0516/144235.314:ERROR:page_load_metrics_update_dispatcher.cc(178)] Invalid first_paint 0.175 s for first_image_paint 0.169 s
5월 16, 2023 14:42:35.423 [40320:27000:0516/144235.423:ERROR:page_load_metrics_update_dispatcher.cc(178)] Invalid first_paint 0.175 s for first_image_paint 0.169 s
5월 16, 2023 14:42:35.557 [40320:27000:0516/144235.557:ERROR:page_load_metrics_update_dispatcher.cc(178)] Invalid first_paint 0.175 s for first_image_paint 0.169 s
5월 16, 2023 14:42:35.691 [40320:27000:0516/144235.684:ERROR:page_load_metrics_update_dispatcher.cc(178)] Invalid first_paint 0.175 s for first_image_paint 0.169 s
5월 16, 2023 14:42:36.09 [40320:27000:0516/144236.002:ERROR:page_load_metrics_update_dispatcher.cc(178)] Invalid first_paint 0.175 s for first_image_paint 0.169 s
5월 16, 2023 14:42:36.113 [40320:27000:0516/144236.104:ERROR:page_load_metrics_update_dispatcher.cc(178)] Invalid first_paint 0.175 s for first_image_paint 0.169 s
5월 16, 2023 14:42:36.213 [40320:27000:0516/144236.208:ERROR:page_load_metrics_update_dispatcher.cc(178)] Invalid first_paint 0.175 s for first_image_paint 0.169 s
5월 16, 2023 14:42:37.503 [40320:27000:0516/144237.503:ERROR:page_load_metrics_update_dispatcher.cc(178)] Invalid first_paint 0.175 s for first_image_paint 0.169 s
5월 16, 2023 14:42:37.604 [40320:27000:0516/144237.604:ERROR:page_load_metrics_update_dispatcher.cc(178)] Invalid first_paint 0.175 s for first_image_paint 0.169 s
5월 16, 2023 14:42:37.685 [40320:27000:0516/144237.684:ERROR:page_load_metrics_update_dispatcher.cc(178)] Invalid first_paint 0.175 s for first_image_paint 0.169 s
5월 16, 2023 14:42:37.690 [40320:27000:0516/144237.690:ERROR:page_load_metrics_update_dispatcher.cc(178)] Invalid first_paint 0.175 s for first_image_paint 0.169 s
5월 16, 2023 15:10:29.713 [40320:35564:0516/151029.708:ERROR:connection_factory_impl.cc(471)] ConnectionHandler failed with net error: -2
5월 16, 2023 16:24:43.433 [40320:27000:0516/162443.433:ERROR:CONSOLE(1)] "Request Overlay.highlightNode failed. {"code":-32600,"message":"The node's document is not active"}", source: devtools://devtools/bundled/devtools-frontend/front_end/core/protocol_client/protocol_client.js (1)
5월 16, 2023 16:24:45.45 [40320:27000:0516/162445.044:ERROR:CONSOLE(1)] "Request Overlay.highlightNode failed. {"code":-32600,"message":"The node's document is not active"}", source: devtools://devtools/bundled/devtools-frontend/front_end/core/protocol_client/protocol_client.js (1)
5월 16, 2023 16:24:45.106 [40320:27000:0516/162445.106:ERROR:CONSOLE(1)] "Request Overlay.highlightNode failed. {"code":-32600,"message":"The node's document is not active"}", source: devtools://devtools/bundled/devtools-frontend/front_end/core/protocol_client/protocol_client.js (1)
5월 16, 2023 16:24:53.428 [40320:27000:0516/162453.428:ERROR:CONSOLE(1)] "Request Overlay.highlightNode failed. {"code":-32600,"message":"The node's document is not active"}", source: devtools://devtools/bundled/devtools-frontend/front_end/core/protocol_client/protocol_client.js (1)
5월 16, 2023 16:24:53.737 [40320:27000:0516/162453.730:ERROR:CONSOLE(1)] "Request Overlay.highlightNode failed. {"code":-32600,"message":"The node's document is not active"}", source: devtools://devtools/bundled/devtools-frontend/front_end/core/protocol_client/protocol_client.js (1)
5월 16, 2023 16:25:02.115 [40320:27000:0516/162502.115:ERROR:CONSOLE(1)] "Request Overlay.highlightNode failed. {"code":-32600,"message":"The node's document is not active"}", source: devtools://devtools/bundled/devtools-frontend/front_end/core/protocol_client/protocol_client.js (1)
5월 16, 2023 16:25:02.418 [40320:27000:0516/162502.418:ERROR:CONSOLE(1)] "Request Overlay.highlightNode failed. {"code":-32600,"message":"The node's document is not active"}", source: devtools://devtools/bundled/devtools-frontend/front_end/core/protocol_client/protocol_client.js (1)
5월 16, 2023 16:25:03.603 [40320:27000:0516/162503.597:ERROR:CONSOLE(1)] "Request Overlay.highlightNode failed. {"code":-32600,"message":"The node's document is not active"}", source: devtools://devtools/bundled/devtools-frontend/front_end/core/protocol_client/protocol_client.js (1)
5월 16, 2023 16:25:03.625 [40320:27000:0516/162503.620:ERROR:CONSOLE(1)] "Request Overlay.highlightNode failed. {"code":-32600,"message":"The node's document is not active"}", source: devtools://devtools/bundled/devtools-frontend/front_end/core/protocol_client/protocol_client.js (1)
5월 16, 2023 16:25:42.641 [40320:27000:0516/162542.641:ERROR:CONSOLE(1)] "Request Overlay.highlightNode failed. {"code":-32600,"message":"The node's document is not active"}", source: devtools://devtools/bundled/devtools-frontend/front_end/core/protocol_client/protocol_client.js (1)
5월 16, 2023 16:25:43.498 [40320:27000:0516/162543.497:ERROR:CONSOLE(1)] "Request Overlay.highlightNode failed. {"code":-32600,"message":"The node's document is not active"}", source: devtools://devtools/bundled/devtools-frontend/front_end/core/protocol_client/protocol_client.js (1)
5월 16, 2023 16:25:43.527 [40320:27000:0516/162543.527:ERROR:CONSOLE(1)] "Request Overlay.highlightNode failed. {"code":-32600,"message":"The node's document is not active"}", source: devtools://devtools/bundled/devtools-frontend/front_end/core/protocol_client/protocol_client.js (1)
5월 16, 2023 16:25:43.578 [40320:27000:0516/162543.578:ERROR:CONSOLE(1)] "Request Overlay.highlightNode failed. {"code":-32600,"message":"The node's document is not active"}", source: devtools://devtools/bundled/devtools-frontend/front_end/core/protocol_client/protocol_client.js (1)
5월 16, 2023 16:25:43.706 [40320:27000:0516/162543.706:ERROR:CONSOLE(1)] "Request Overlay.highlightNode failed. {"code":-32600,"message":"The node's document is not active"}", source: devtools://devtools/bundled/devtools-frontend/front_end/core/protocol_client/protocol_client.js (1)
5월 16, 2023 16:25:44.862 [40320:27000:0516/162544.862:ERROR:CONSOLE(1)] "Request Overlay.highlightNode failed. {"code":-32600,"message":"The node's document is not active"}", source: devtools://devtools/bundled/devtools-frontend/front_end/core/protocol_client/protocol_client.js (1)
5월 16, 2023 16:26:00.825 [40320:27000:0516/162600.825:ERROR:CONSOLE(1)] "Request Overlay.highlightNode failed. {"code":-32600,"message":"The node's document is not active"}", source: devtools://devtools/bundled/devtools-frontend/front_end/core/protocol_client/protocol_client.js (1)
5월 16, 2023 16:26:00.861 [40320:27000:0516/162600.855:ERROR:CONSOLE(1)] "Request Overlay.highlightNode failed. {"code":-32600,"message":"The node's document is not active"}", source: devtools://devtools/bundled/devtools-frontend/front_end/core/protocol_client/protocol_client.js (1)
5월 16, 2023 16:26:00.911 [40320:27000:0516/162600.904:ERROR:CONSOLE(1)] "Request Overlay.highlightNode failed. {"code":-32600,"message":"The node's document is not active"}", source: devtools://devtools/bundled/devtools-frontend/front_end/core/protocol_client/protocol_client.js (1)
5월 16, 2023 16:26:01.86 [40320:27000:0516/162601.079:ERROR:CONSOLE(1)] "Request Overlay.highlightNode failed. {"code":-32600,"message":"The node's document is not active"}", source: devtools://devtools/bundled/devtools-frontend/front_end/core/protocol_client/protocol_client.js (1)
5월 16, 2023 16:26:01.109 [40320:27000:0516/162601.102:ERROR:CONSOLE(1)] "Request Overlay.highlightNode failed. {"code":-32600,"message":"The node's document is not active"}", source: devtools://devtools/bundled/devtools-frontend/front_end/core/protocol_client/protocol_client.js (1)
5월 16, 2023 16:26:01.119 [40320:27000:0516/162601.114:ERROR:CONSOLE(1)] "Request Overlay.highlightNode failed. {"code":-32600,"message":"The node's document is not active"}", source: devtools://devtools/bundled/devtools-frontend/front_end/core/protocol_client/protocol_client.js (1)
5월 16, 2023 16:26:01.121 [40320:27000:0516/162601.119:ERROR:CONSOLE(1)] "Request Overlay.highlightNode failed. {"code":-32600,"message":"The node's document is not active"}", source: devtools://devtools/bundled/devtools-frontend/front_end/core/protocol_client/protocol_client.js (1)
5월 16, 2023 16:26:01.126 [40320:27000:0516/162601.126:ERROR:CONSOLE(1)] "Request Overlay.highlightNode failed. {"code":-32600,"message":"The node's document is not active"}", source: devtools://devtools/bundled/devtools-frontend/front_end/core/protocol_client/protocol_client.js (1)
5월 16, 2023 16:26:01.132 [40320:27000:0516/162601.131:ERROR:CONSOLE(1)] "Request Overlay.highlightNode failed. {"code":-32600,"message":"The node's document is not active"}", source: devtools://devtools/bundled/devtools-frontend/front_end/core/protocol_client/protocol_client.js (1)
5월 16, 2023 16:30:06.353 [40320:27000:0516/163006.353:ERROR:CONSOLE(1)] "Request Overlay.highlightNode failed. {"code":-32600,"message":"The node's document is not active"}", source: devtools://devtools/bundled/devtools-frontend/front_end/core/protocol_client/protocol_client.js (1)
5월 16, 2023 16:30:11.177 [40320:27000:0516/163011.177:ERROR:CONSOLE(1)] "Request Overlay.highlightNode failed. {"code":-32600,"message":"The node's document is not active"}", source: devtools://devtools/bundled/devtools-frontend/front_end/core/protocol_client/protocol_client.js (1)
5월 16, 2023 16:30:29.398 [40320:27000:0516/163029.398:ERROR:CONSOLE(1)] "Request Overlay.highlightNode failed. {"code":-32600,"message":"The node's document is not active"}", source: devtools://devtools/bundled/devtools-frontend/front_end/core/protocol_client/protocol_client.js (1)
5월 16, 2023 16:30:47.631 [40320:27000:0516/163047.631:ERROR:CONSOLE(1)] "Request Overlay.highlightNode failed. {"code":-32600,"message":"The node's document is not active"}", source: devtools://devtools/bundled/devtools-frontend/front_end/core/protocol_client/protocol_client.js (1)
5월 16, 2023 16:30:49.124 [40320:27000:0516/163049.122:ERROR:CONSOLE(1)] "Request Overlay.highlightNode failed. {"code":-32600,"message":"The node's document is not active"}", source: devtools://devtools/bundled/devtools-frontend/front_end/core/protocol_client/protocol_client.js (1)
5월 16, 2023 16:30:49.516 [40320:27000:0516/163049.516:ERROR:CONSOLE(1)] "Request Overlay.highlightNode failed. {"code":-32600,"message":"The node's document is not active"}", source: devtools://devtools/bundled/devtools-frontend/front_end/core/protocol_client/protocol_client.js (1)
5월 16, 2023 16:30:53.139 [40320:27000:0516/163053.138:ERROR:CONSOLE(1)] "Request Overlay.highlightNode failed. {"code":-32600,"message":"The node's document is not active"}", source: devtools://devtools/bundled/devtools-frontend/front_end/core/protocol_client/protocol_client.js (1)
5월 16, 2023 16:30:53.167 [40320:27000:0516/163053.161:ERROR:CONSOLE(1)] "Request Overlay.highlightNode failed. {"code":-32600,"message":"The node's document is not active"}", source: devtools://devtools/bundled/devtools-frontend/front_end/core/protocol_client/protocol_client.js (1)
5월 16, 2023 16:30:53.257 [40320:27000:0516/163053.249:ERROR:CONSOLE(1)] "Request Overlay.highlightNode failed. {"code":-32600,"message":"The node's document is not active"}", source: devtools://devtools/bundled/devtools-frontend/front_end/core/protocol_client/protocol_client.js (1)
5월 16, 2023 16:33:09.533 [40320:27000:0516/163309.533:ERROR:CONSOLE(1)] "Request Overlay.highlightNode failed. {"code":-32600,"message":"The node's document is not active"}", source: devtools://devtools/bundled/devtools-frontend/front_end/core/protocol_client/protocol_client.js (1)
5월 16, 2023 16:36:39.368 [40320:27000:0516/163639.368:ERROR:CONSOLE(1)] "Request Overlay.highlightNode failed. {"code":-32600,"message":"The node's document is not active"}", source: devtools://devtools/bundled/devtools-frontend/front_end/core/protocol_client/protocol_client.js (1)
5월 16, 2023 16:37:47.747 [40320:27000:0516/163747.746:ERROR:CONSOLE(1)] "Request Overlay.highlightNode failed. {"code":-32600,"message":"The node's document is not active"}", source: devtools://devtools/bundled/devtools-frontend/front_end/core/protocol_client/protocol_client.js (1)
5월 16, 2023 16:40:10.865 [40320:27000:0516/164010.865:ERROR:CONSOLE(1)] "Request Overlay.highlightNode failed. {"code":-32600,"message":"The node's document is not active"}", source: devtools://devtools/bundled/devtools-frontend/front_end/core/protocol_client/protocol_client.js (1)
5월 16, 2023 16:40:11.146 [40320:27000:0516/164011.146:ERROR:CONSOLE(1)] "Request Overlay.highlightNode failed. {"code":-32600,"message":"The node's document is not active"}", source: devtools://devtools/bundled/devtools-frontend/front_end/core/protocol_client/protocol_client.js (1)
5월 16, 2023 17:05:43.287 [40320:35564:0516/170543.287:ERROR:connection_factory_impl.cc(471)] ConnectionHandler failed with net error: -2
5월 16, 2023 17:14:57.606 [40320:35564:0516/171457.606:ERROR:connection_factory_impl.cc(471)] ConnectionHandler failed with net error: -2
5월 17, 2023 09:11:02.964 [40320:35564:0517/091102.964:ERROR:connection_factory_impl.cc(471)] ConnectionHandler failed with net error: -2
5월 17, 2023 09:23:07.993 [40320:27000:0517/092307.980:ERROR:page_load_metrics_update_dispatcher.cc(178)] Invalid first_paint 0.142 s for first_image_paint 0.125 s
5월 17, 2023 09:23:08.91 [40320:27000:0517/092308.084:ERROR:page_load_metrics_update_dispatcher.cc(178)] Invalid first_paint 0.142 s for first_image_paint 0.125 s
5월 17, 2023 09:23:08.620 [40320:27000:0517/092308.615:ERROR:page_load_metrics_update_dispatcher.cc(178)] Invalid first_paint 0.142 s for first_image_paint 0.125 s

5월 17, 2023 16:10:54.68 NEW SESSION
5월 17, 2023 16:10:54.68 [15380:12732:0517/161054.066:ERROR:device_event_log_impl.cc(222)] [16:10:54.066] USB: usb_service_win.cc:415 Could not read device interface GUIDs: 지정된 파일을 찾을 수 없습니다. (0x2)
5월 17, 2023 17:23:36.800 [22420:20964:0517/172336.796:ERROR:device_event_log_impl.cc(222)] [17:23:36.795] USB: usb_service_win.cc:415 Could not read device interface GUIDs: 지정된 파일을 찾을 수 없습니다. (0x2)
5월 17, 2023 17:53:02.881 [22420:22148:0517/175302.881:ERROR:connection_factory_impl.cc(471)] ConnectionHandler failed with net error: -2
